2022.09.17 17:53:59 INFO  tracing is disabled for protocol LSP, to enable tracing of incoming and outgoing JSON messages create an empty file at /Users/mac/Aalto Courses/Programming I/o1assignments_Nguyen Xuan Binh/FlappyBug/o1/.metals/lsp.trace.json or /Users/mac/Library/Caches/org.scalameta.metals/lsp.trace.json
2022.09.17 17:53:59 INFO  logging to file /Users/mac/Aalto Courses/Programming I/o1assignments_Nguyen Xuan Binh/FlappyBug/o1/.metals/metals.log
2022.09.17 17:53:59 INFO  Started: Metals version 0.11.8 in workspace '/Users/mac/Aalto Courses/Programming I/o1assignments_Nguyen Xuan Binh/FlappyBug/o1' for client Visual Studio Code 1.71.0.
2022.09.17 17:54:01 WARN  Flyway upgrade recommended: H2 2.1.214 is newer than this version of Flyway and support has not been tested. The latest supported version of H2 is 2.1.210.
2022.09.17 17:54:01 INFO  time: initialize in 1.54s
2022.09.17 17:54:03 WARN  Build server is not auto-connectable.
2022.09.17 17:54:03 WARN  no build tool detected in workspace '/Users/mac/Aalto Courses/Programming I/o1assignments_Nguyen Xuan Binh/FlappyBug/o1'. The most common cause for this problem is that the editor was opened in the wrong working directory, for example if you use sbt then the workspace directory should contain build.sbt. 
2022.09.17 17:54:03 WARN  no build target for: /Users/mac/Aalto Courses/Programming I/o1assignments_Nguyen Xuan Binh/FlappyBug/o1/Bug.scala
2022.09.17 17:54:06 INFO  no build target found for /Users/mac/Aalto Courses/Programming I/o1assignments_Nguyen Xuan Binh/FlappyBug/o1/Bug.scala. Using presentation compiler with project's scala-library version: 3.1.3
2022.09.17 17:54:08 INFO  time: code lens generation in 4.69s
2022.09.17 18:10:12 WARN  no build target for: /Users/mac/Aalto Courses/Programming I/o1assignments_Nguyen Xuan Binh/FlappyBug/o1/Game.scala
2022.09.17 18:10:15 WARN  no build target for: /Users/mac/Aalto Courses/Programming I/o1assignments_Nguyen Xuan Binh/FlappyBug/o1/Obstacle.scala
2022.09.17 18:11:14 WARN  no build target for: /Users/mac/Aalto Courses/Programming I/o1assignments_Nguyen Xuan Binh/FlappyBug/o1/Bug.scala
2022.09.17 18:38:26 WARN  no build target for: /Users/mac/Aalto Courses/Programming I/o1assignments_Nguyen Xuan Binh/FlappyBug/o1/Game.scala
2022.09.17 18:39:58 WARN  no build target for: /Users/mac/Aalto Courses/Programming I/o1assignments_Nguyen Xuan Binh/FlappyBug/o1/Obstacle.scala
2022.09.17 18:40:01 WARN  no build target for: /Users/mac/Aalto Courses/Programming I/o1assignments_Nguyen Xuan Binh/FlappyBug/o1/Game.scala
2022.09.17 18:42:43 WARN  no build target for: /Users/mac/Aalto Courses/Programming I/o1assignments_Nguyen Xuan Binh/FlappyBug/o1/constants.scala
Sep 17, 2022 6:42:43 PM org.eclipse.lsp4j.jsonrpc.RemoteEndpoint fallbackResponseError
SEVERE: Internal error: java.lang.ArrayIndexOutOfBoundsException: Index 305 out of bounds for length 305
java.util.concurrent.CompletionException: java.lang.ArrayIndexOutOfBoundsException: Index 305 out of bounds for length 305
	at java.base/java.util.concurrent.CompletableFuture.encodeThrowable(CompletableFuture.java:332)
	at java.base/java.util.concurrent.CompletableFuture.completeThrowable(CompletableFuture.java:347)
	at java.base/java.util.concurrent.CompletableFuture$UniAccept.tryFire(CompletableFuture.java:708)
	at java.base/java.util.concurrent.CompletableFuture.postComplete(CompletableFuture.java:510)
	at java.base/java.util.concurrent.CompletableFuture.completeExceptionally(CompletableFuture.java:2162)
	at scala.meta.internal.metals.CancelTokens$.$anonfun$future$1(CancelTokens.scala:40)
	at scala.meta.internal.metals.CancelTokens$.$anonfun$future$1$adapted(CancelTokens.scala:38)
	at scala.concurrent.impl.Promise$Transformation.run(Promise.scala:484)
	at java.base/java.util.concurrent.ThreadPoolExecutor.runWorker(ThreadPoolExecutor.java:1136)
	at java.base/java.util.concurrent.ThreadPoolExecutor$Worker.run(ThreadPoolExecutor.java:635)
	at java.base/java.lang.Thread.run(Thread.java:833)
Caused by: java.lang.ArrayIndexOutOfBoundsException: Index 305 out of bounds for length 305
	at scala.meta.internal.parsing.FoldingRangeExtractor$Foldable$.isScala3BlockWithoutOptionalBraces(FoldingRangeExtractor.scala:248)
	at scala.meta.internal.parsing.FoldingRangeExtractor$Foldable$.unapply(FoldingRangeExtractor.scala:199)
	at scala.meta.internal.parsing.FoldingRangeExtractor.extractFrom(FoldingRangeExtractor.scala:36)
	at scala.meta.internal.parsing.FoldingRangeExtractor.$anonfun$extractFrom$2(FoldingRangeExtractor.scala:56)
	at scala.meta.internal.parsing.FoldingRangeExtractor.$anonfun$extractFrom$2$adapted(FoldingRangeExtractor.scala:51)
	at scala.collection.immutable.List.foreach(List.scala:333)
	at scala.meta.internal.parsing.FoldingRangeExtractor.extractFrom(FoldingRangeExtractor.scala:51)
	at scala.meta.internal.parsing.FoldingRangeExtractor.$anonfun$extractFrom$2(FoldingRangeExtractor.scala:56)
	at scala.meta.internal.parsing.FoldingRangeExtractor.$anonfun$extractFrom$2$adapted(FoldingRangeExtractor.scala:51)
	at scala.collection.immutable.List.foreach(List.scala:333)
	at scala.meta.internal.parsing.FoldingRangeExtractor.extractFrom(FoldingRangeExtractor.scala:51)
	at scala.meta.internal.parsing.FoldingRangeExtractor.$anonfun$extractFrom$2(FoldingRangeExtractor.scala:56)
	at scala.meta.internal.parsing.FoldingRangeExtractor.$anonfun$extractFrom$2$adapted(FoldingRangeExtractor.scala:51)
	at scala.collection.immutable.List.foreach(List.scala:333)
	at scala.meta.internal.parsing.FoldingRangeExtractor.extractFrom(FoldingRangeExtractor.scala:51)
	at scala.meta.internal.parsing.FoldingRangeExtractor.extract(FoldingRangeExtractor.scala:29)
	at scala.meta.internal.parsing.FoldingRangeProvider.$anonfun$getRangedForScala$3(FoldingRangeProvider.scala:40)
	at scala.Option.map(Option.scala:242)
	at scala.meta.internal.parsing.FoldingRangeProvider.$anonfun$getRangedForScala$2(FoldingRangeProvider.scala:33)
	at scala.Option$WithFilter.flatMap(Option.scala:283)
	at scala.meta.internal.parsing.FoldingRangeProvider.getRangedForScala(FoldingRangeProvider.scala:31)
	at scala.meta.internal.metals.MetalsLanguageServer.$anonfun$foldingRange$2(MetalsLanguageServer.scala:1705)
	at scala.concurrent.impl.Promise$Transformation.run(Promise.scala:467)
	... 3 more

2022.09.17 18:42:50 WARN  no build target for: /Users/mac/Aalto Courses/Programming I/o1assignments_Nguyen Xuan Binh/FlappyBug/o1/Game.scala
2022.09.17 18:42:56 WARN  no build target for: /Users/mac/Aalto Courses/Programming I/o1assignments_Nguyen Xuan Binh/FlappyBug/o1/Obstacle.scala
2022.09.17 18:43:10 WARN  no build target for: /Users/mac/Aalto Courses/Programming I/o1assignments_Nguyen Xuan Binh/FlappyBug/o1/Game.scala
2022.09.17 19:13:10 INFO  shutting down Metals
2022.09.19 23:50:39 INFO  tracing is disabled for protocol LSP, to enable tracing of incoming and outgoing JSON messages create an empty file at /Users/mac/Aalto Courses/Programming I/o1assignments_Nguyen Xuan Binh/FlappyBug/o1/.metals/lsp.trace.json or /Users/mac/Library/Caches/org.scalameta.metals/lsp.trace.json
2022.09.19 23:50:39 INFO  logging to file /Users/mac/Aalto Courses/Programming I/o1assignments_Nguyen Xuan Binh/FlappyBug/o1/.metals/metals.log
2022.09.19 23:50:39 INFO  Started: Metals version 0.11.8 in workspace '/Users/mac/Aalto Courses/Programming I/o1assignments_Nguyen Xuan Binh/FlappyBug/o1' for client Visual Studio Code 1.71.0.
2022.09.19 23:50:39 WARN  Flyway upgrade recommended: H2 2.1.214 is newer than this version of Flyway and support has not been tested. The latest supported version of H2 is 2.1.210.
2022.09.19 23:50:41 INFO  time: initialize in 1.26s
2022.09.19 23:50:42 WARN  Build server is not auto-connectable.
2022.09.19 23:50:42 WARN  no build tool detected in workspace '/Users/mac/Aalto Courses/Programming I/o1assignments_Nguyen Xuan Binh/FlappyBug/o1'. The most common cause for this problem is that the editor was opened in the wrong working directory, for example if you use sbt then the workspace directory should contain build.sbt. 
2022.09.19 23:50:42 WARN  no build target for: /Users/mac/Aalto Courses/Programming I/o1assignments_Nguyen Xuan Binh/FlappyBug/o1/Bug.scala
2022.09.19 23:50:47 INFO  no build target found for /Users/mac/Aalto Courses/Programming I/o1assignments_Nguyen Xuan Binh/FlappyBug/o1/Bug.scala. Using presentation compiler with project's scala-library version: 3.1.3
2022.09.19 23:50:49 INFO  time: code lens generation in 5.71s
2022.09.20 00:26:40 INFO  shutting down Metals
2022.09.21 10:13:41 INFO  tracing is disabled for protocol LSP, to enable tracing of incoming and outgoing JSON messages create an empty file at /Users/mac/Aalto Courses/Programming I/o1assignments_Nguyen Xuan Binh/FlappyBug/o1/.metals/lsp.trace.json or /Users/mac/Library/Caches/org.scalameta.metals/lsp.trace.json
2022.09.21 10:13:42 INFO  logging to file /Users/mac/Aalto Courses/Programming I/o1assignments_Nguyen Xuan Binh/FlappyBug/o1/.metals/metals.log
2022.09.21 10:13:42 INFO  Started: Metals version 0.11.8 in workspace '/Users/mac/Aalto Courses/Programming I/o1assignments_Nguyen Xuan Binh/FlappyBug/o1' for client Visual Studio Code 1.71.0.
2022.09.21 10:13:44 WARN  Flyway upgrade recommended: H2 2.1.214 is newer than this version of Flyway and support has not been tested. The latest supported version of H2 is 2.1.210.
2022.09.21 10:13:44 INFO  time: initialize in 1.74s
2022.09.21 10:13:46 WARN  Build server is not auto-connectable.
2022.09.21 10:13:46 WARN  no build tool detected in workspace '/Users/mac/Aalto Courses/Programming I/o1assignments_Nguyen Xuan Binh/FlappyBug/o1'. The most common cause for this problem is that the editor was opened in the wrong working directory, for example if you use sbt then the workspace directory should contain build.sbt. 
2022.09.21 10:13:46 WARN  no build target for: /Users/mac/Aalto Courses/Programming I/o1assignments_Nguyen Xuan Binh/FlappyBug/o1/Bug.scala
2022.09.21 10:13:51 INFO  no build target found for /Users/mac/Aalto Courses/Programming I/o1assignments_Nguyen Xuan Binh/FlappyBug/o1/Bug.scala. Using presentation compiler with project's scala-library version: 3.1.3
2022.09.21 10:13:53 INFO  time: code lens generation in 6.82s
2022.09.21 10:13:53 INFO  time: code lens generation in 2.71s
2022.09.21 11:18:58 INFO  shutting down Metals
