2022.09.26 11:29:52 INFO  tracing is disabled for protocol LSP, to enable tracing of incoming and outgoing JSON messages create an empty file at /Users/mac/Aalto Courses/Programming I/o1assignments_Nguyen Xuan Binh/CarSim/.metals/lsp.trace.json or /Users/mac/Library/Caches/org.scalameta.metals/lsp.trace.json
2022.09.26 11:29:53 INFO  logging to file /Users/mac/Aalto Courses/Programming I/o1assignments_Nguyen Xuan Binh/CarSim/.metals/metals.log
2022.09.26 11:29:53 INFO  Started: Metals version 0.11.8 in workspace '/Users/mac/Aalto Courses/Programming I/o1assignments_Nguyen Xuan Binh/CarSim' for client Visual Studio Code 1.71.0.
2022.09.26 11:29:54 WARN  Flyway upgrade recommended: H2 2.1.214 is newer than this version of Flyway and support has not been tested. The latest supported version of H2 is 2.1.210.
2022.09.26 11:29:54 INFO  time: initialize in 1.35s
2022.09.26 11:29:56 WARN  Build server is not auto-connectable.
2022.09.26 11:29:56 WARN  no build tool detected in workspace '/Users/mac/Aalto Courses/Programming I/o1assignments_Nguyen Xuan Binh/CarSim'. The most common cause for this problem is that the editor was opened in the wrong working directory, for example if you use sbt then the workspace directory should contain build.sbt. 
2022.09.26 11:29:56 WARN  no build target for: /Users/mac/Aalto Courses/Programming I/o1assignments_Nguyen Xuan Binh/CarSim/o1/carsim/Car.scala
2022.09.26 11:30:01 INFO  no build target found for /Users/mac/Aalto Courses/Programming I/o1assignments_Nguyen Xuan Binh/CarSim/o1/carsim/Car.scala. Using presentation compiler with project's scala-library version: 3.1.3
2022.09.26 11:30:03 INFO  time: code lens generation in 6.48s
2022.09.26 11:30:03 INFO  time: code lens generation in 3.95s
Sep 26, 2022 11:43:38 AM org.eclipse.lsp4j.jsonrpc.services.GenericEndpoint notify
INFO: Unsupported notification method: $/setTrace
Sep 26, 2022 11:43:38 AM org.eclipse.lsp4j.jsonrpc.services.GenericEndpoint notify
INFO: Unsupported notification method: $/setTrace
Sep 26, 2022 11:43:38 AM org.eclipse.lsp4j.jsonrpc.services.GenericEndpoint notify
INFO: Unsupported notification method: $/setTrace
Sep 26, 2022 11:43:38 AM org.eclipse.lsp4j.jsonrpc.services.GenericEndpoint notify
INFO: Unsupported notification method: $/setTrace
Sep 26, 2022 11:43:38 AM org.eclipse.lsp4j.jsonrpc.services.GenericEndpoint notify
INFO: Unsupported notification method: $/setTrace
2022.09.27 16:43:19 INFO  shutting down Metals
