2022.09.17 20:12:11 INFO  tracing is disabled for protocol LSP, to enable tracing of incoming and outgoing JSON messages create an empty file at /Users/mac/Aalto Courses/Programming I/o1assignments_Nguyen Xuan Binh/FlappyBug/.metals/lsp.trace.json or /Users/mac/Library/Caches/org.scalameta.metals/lsp.trace.json
2022.09.17 20:12:12 INFO  logging to file /Users/mac/Aalto Courses/Programming I/o1assignments_Nguyen Xuan Binh/FlappyBug/.metals/metals.log
2022.09.17 20:12:12 INFO  Started: Metals version 0.11.8 in workspace '/Users/mac/Aalto Courses/Programming I/o1assignments_Nguyen Xuan Binh/FlappyBug' for client Visual Studio Code 1.71.0.
2022.09.17 20:12:13 WARN  Flyway upgrade recommended: H2 2.1.214 is newer than this version of Flyway and support has not been tested. The latest supported version of H2 is 2.1.210.
2022.09.17 20:12:13 INFO  time: initialize in 1.47s
2022.09.17 20:12:15 WARN  Build server is not auto-connectable.
2022.09.17 20:12:15 WARN  no build tool detected in workspace '/Users/mac/Aalto Courses/Programming I/o1assignments_Nguyen Xuan Binh/FlappyBug'. The most common cause for this problem is that the editor was opened in the wrong working directory, for example if you use sbt then the workspace directory should contain build.sbt. 
2022.09.17 20:12:15 WARN  no build target for: /Users/mac/Aalto Courses/Programming I/o1assignments_Nguyen Xuan Binh/FlappyBug/o1/FlappyBugApp.scala
2022.09.17 20:12:19 INFO  no build target found for /Users/mac/Aalto Courses/Programming I/o1assignments_Nguyen Xuan Binh/FlappyBug/o1/FlappyBugApp.scala. Using presentation compiler with project's scala-library version: 3.1.3
2022.09.17 20:12:21 INFO  time: code lens generation in 4.45s
2022.09.17 20:12:21 INFO  time: code lens generation in 3.63s
2022.09.17 23:19:20 WARN  no build target for: /Users/mac/Aalto Courses/Programming I/o1assignments_Nguyen Xuan Binh/FlappyBug/o1/Obstacle.scala
2022.09.17 23:19:28 WARN  no build target for: /Users/mac/Aalto Courses/Programming I/o1assignments_Nguyen Xuan Binh/FlappyBug/o1/FlappyBugApp.scala
2022.09.17 23:19:29 WARN  no build target for: /Users/mac/Aalto Courses/Programming I/o1assignments_Nguyen Xuan Binh/FlappyBug/o1/constants.scala
Sep 17, 2022 11:19:30 PM org.eclipse.lsp4j.jsonrpc.RemoteEndpoint fallbackResponseError
SEVERE: Internal error: java.lang.ArrayIndexOutOfBoundsException: Index 305 out of bounds for length 305
java.util.concurrent.CompletionException: java.lang.ArrayIndexOutOfBoundsException: Index 305 out of bounds for length 305
	at java.base/java.util.concurrent.CompletableFuture.encodeThrowable(CompletableFuture.java:332)
	at java.base/java.util.concurrent.CompletableFuture.completeThrowable(CompletableFuture.java:347)
	at java.base/java.util.concurrent.CompletableFuture$UniAccept.tryFire(CompletableFuture.java:708)
	at java.base/java.util.concurrent.CompletableFuture.postComplete(CompletableFuture.java:510)
	at java.base/java.util.concurrent.CompletableFuture.completeExceptionally(CompletableFuture.java:2162)
	at scala.meta.internal.metals.CancelTokens$.$anonfun$future$1(CancelTokens.scala:40)
	at scala.meta.internal.metals.CancelTokens$.$anonfun$future$1$adapted(CancelTokens.scala:38)
	at scala.concurrent.impl.Promise$Transformation.run(Promise.scala:484)
	at java.base/java.util.concurrent.ThreadPoolExecutor.runWorker(ThreadPoolExecutor.java:1136)
	at java.base/java.util.concurrent.ThreadPoolExecutor$Worker.run(ThreadPoolExecutor.java:635)
	at java.base/java.lang.Thread.run(Thread.java:833)
Caused by: java.lang.ArrayIndexOutOfBoundsException: Index 305 out of bounds for length 305
	at scala.meta.internal.parsing.FoldingRangeExtractor$Foldable$.isScala3BlockWithoutOptionalBraces(FoldingRangeExtractor.scala:248)
	at scala.meta.internal.parsing.FoldingRangeExtractor$Foldable$.unapply(FoldingRangeExtractor.scala:199)
	at scala.meta.internal.parsing.FoldingRangeExtractor.extractFrom(FoldingRangeExtractor.scala:36)
	at scala.meta.internal.parsing.FoldingRangeExtractor.$anonfun$extractFrom$2(FoldingRangeExtractor.scala:56)
	at scala.meta.internal.parsing.FoldingRangeExtractor.$anonfun$extractFrom$2$adapted(FoldingRangeExtractor.scala:51)
	at scala.collection.immutable.List.foreach(List.scala:333)
	at scala.meta.internal.parsing.FoldingRangeExtractor.extractFrom(FoldingRangeExtractor.scala:51)
	at scala.meta.internal.parsing.FoldingRangeExtractor.$anonfun$extractFrom$2(FoldingRangeExtractor.scala:56)
	at scala.meta.internal.parsing.FoldingRangeExtractor.$anonfun$extractFrom$2$adapted(FoldingRangeExtractor.scala:51)
	at scala.collection.immutable.List.foreach(List.scala:333)
	at scala.meta.internal.parsing.FoldingRangeExtractor.extractFrom(FoldingRangeExtractor.scala:51)
	at scala.meta.internal.parsing.FoldingRangeExtractor.$anonfun$extractFrom$2(FoldingRangeExtractor.scala:56)
	at scala.meta.internal.parsing.FoldingRangeExtractor.$anonfun$extractFrom$2$adapted(FoldingRangeExtractor.scala:51)
	at scala.collection.immutable.List.foreach(List.scala:333)
	at scala.meta.internal.parsing.FoldingRangeExtractor.extractFrom(FoldingRangeExtractor.scala:51)
	at scala.meta.internal.parsing.FoldingRangeExtractor.extract(FoldingRangeExtractor.scala:29)
	at scala.meta.internal.parsing.FoldingRangeProvider.$anonfun$getRangedForScala$3(FoldingRangeProvider.scala:40)
	at scala.Option.map(Option.scala:242)
	at scala.meta.internal.parsing.FoldingRangeProvider.$anonfun$getRangedForScala$2(FoldingRangeProvider.scala:33)
	at scala.Option$WithFilter.flatMap(Option.scala:283)
	at scala.meta.internal.parsing.FoldingRangeProvider.getRangedForScala(FoldingRangeProvider.scala:31)
	at scala.meta.internal.metals.MetalsLanguageServer.$anonfun$foldingRange$2(MetalsLanguageServer.scala:1705)
	at scala.concurrent.impl.Promise$Transformation.run(Promise.scala:467)
	... 3 more

2022.09.17 23:19:30 WARN  no build target for: /Users/mac/Aalto Courses/Programming I/o1assignments_Nguyen Xuan Binh/FlappyBug/o1/Bug.scala
2022.09.17 23:20:30 WARN  no build target for: /Users/mac/Aalto Courses/Programming I/o1assignments_Nguyen Xuan Binh/FlappyBug/o1/FlappyBugApp.scala
2022.09.18 00:08:02 INFO  shutting down Metals
2022.09.19 13:10:21 INFO  tracing is disabled for protocol LSP, to enable tracing of incoming and outgoing JSON messages create an empty file at /Users/mac/Aalto Courses/Programming I/o1assignments_Nguyen Xuan Binh/FlappyBug/.metals/lsp.trace.json or /Users/mac/Library/Caches/org.scalameta.metals/lsp.trace.json
2022.09.19 13:10:22 INFO  logging to file /Users/mac/Aalto Courses/Programming I/o1assignments_Nguyen Xuan Binh/FlappyBug/.metals/metals.log
2022.09.19 13:10:22 INFO  Started: Metals version 0.11.8 in workspace '/Users/mac/Aalto Courses/Programming I/o1assignments_Nguyen Xuan Binh/FlappyBug' for client Visual Studio Code 1.71.0.
2022.09.19 13:10:23 WARN  Flyway upgrade recommended: H2 2.1.214 is newer than this version of Flyway and support has not been tested. The latest supported version of H2 is 2.1.210.
2022.09.19 13:10:23 INFO  time: initialize in 1.55s
2022.09.19 13:10:25 WARN  Build server is not auto-connectable.
2022.09.19 13:10:25 WARN  no build tool detected in workspace '/Users/mac/Aalto Courses/Programming I/o1assignments_Nguyen Xuan Binh/FlappyBug'. The most common cause for this problem is that the editor was opened in the wrong working directory, for example if you use sbt then the workspace directory should contain build.sbt. 
2022.09.19 13:10:25 WARN  no build target for: /Users/mac/Aalto Courses/Programming I/o1assignments_Nguyen Xuan Binh/FlappyBug/o1/FlappyBugApp.scala
2022.09.19 13:10:29 INFO  no build target found for /Users/mac/Aalto Courses/Programming I/o1assignments_Nguyen Xuan Binh/FlappyBug/o1/FlappyBugApp.scala. Using presentation compiler with project's scala-library version: 3.1.3
2022.09.19 13:10:32 INFO  time: code lens generation in 5.75s
Sep 19, 2022 1:10:32 PM org.eclipse.lsp4j.jsonrpc.RemoteEndpoint handleCancellation
WARNING: Unmatched cancel notification for request id 5
2022.09.19 23:21:43 INFO  shutting down Metals
2022.09.22 15:10:04 INFO  tracing is disabled for protocol LSP, to enable tracing of incoming and outgoing JSON messages create an empty file at /Users/mac/Aalto Courses/Programming I/o1assignments_Nguyen Xuan Binh/FlappyBug/.metals/lsp.trace.json or /Users/mac/Library/Caches/org.scalameta.metals/lsp.trace.json
2022.09.22 15:10:05 INFO  logging to file /Users/mac/Aalto Courses/Programming I/o1assignments_Nguyen Xuan Binh/FlappyBug/.metals/metals.log
2022.09.22 15:10:05 INFO  Started: Metals version 0.11.8 in workspace '/Users/mac/Aalto Courses/Programming I/o1assignments_Nguyen Xuan Binh/FlappyBug' for client Visual Studio Code 1.71.0.
2022.09.22 15:10:06 WARN  Flyway upgrade recommended: H2 2.1.214 is newer than this version of Flyway and support has not been tested. The latest supported version of H2 is 2.1.210.
2022.09.22 15:10:06 INFO  time: initialize in 1.66s
2022.09.22 15:10:08 WARN  Build server is not auto-connectable.
2022.09.22 15:10:08 WARN  no build tool detected in workspace '/Users/mac/Aalto Courses/Programming I/o1assignments_Nguyen Xuan Binh/FlappyBug'. The most common cause for this problem is that the editor was opened in the wrong working directory, for example if you use sbt then the workspace directory should contain build.sbt. 
2022.09.22 15:10:08 WARN  no build target for: /Users/mac/Aalto Courses/Programming I/o1assignments_Nguyen Xuan Binh/FlappyBug/o1/Obstacle.scala
2022.09.22 15:10:12 INFO  no build target found for /Users/mac/Aalto Courses/Programming I/o1assignments_Nguyen Xuan Binh/FlappyBug/o1/Obstacle.scala. Using presentation compiler with project's scala-library version: 3.1.3
2022.09.22 15:10:14 INFO  time: code lens generation in 5.15s
2022.09.22 15:11:26 WARN  no build target for: /Users/mac/Aalto Courses/Programming I/o1assignments_Nguyen Xuan Binh/FlappyBug/o1/Game.scala
2022.09.22 15:12:45 WARN  no build target for: /Users/mac/Aalto Courses/Programming I/o1assignments_Nguyen Xuan Binh/FlappyBug/o1/Obstacle.scala
2022.09.22 15:12:53 WARN  no build target for: /Users/mac/Aalto Courses/Programming I/o1assignments_Nguyen Xuan Binh/FlappyBug/o1/Game.scala
2022.09.22 15:13:16 WARN  no build target for: /Users/mac/Aalto Courses/Programming I/o1assignments_Nguyen Xuan Binh/FlappyBug/o1/constants.scala
Sep 22, 2022 3:13:17 PM org.eclipse.lsp4j.jsonrpc.RemoteEndpoint fallbackResponseError
SEVERE: Internal error: java.lang.ArrayIndexOutOfBoundsException: Index 305 out of bounds for length 305
java.util.concurrent.CompletionException: java.lang.ArrayIndexOutOfBoundsException: Index 305 out of bounds for length 305
	at java.base/java.util.concurrent.CompletableFuture.encodeThrowable(CompletableFuture.java:332)
	at java.base/java.util.concurrent.CompletableFuture.completeThrowable(CompletableFuture.java:347)
	at java.base/java.util.concurrent.CompletableFuture$UniAccept.tryFire(CompletableFuture.java:708)
	at java.base/java.util.concurrent.CompletableFuture.postComplete(CompletableFuture.java:510)
	at java.base/java.util.concurrent.CompletableFuture.completeExceptionally(CompletableFuture.java:2162)
	at scala.meta.internal.metals.CancelTokens$.$anonfun$future$1(CancelTokens.scala:40)
	at scala.meta.internal.metals.CancelTokens$.$anonfun$future$1$adapted(CancelTokens.scala:38)
	at scala.concurrent.impl.Promise$Transformation.run(Promise.scala:484)
	at java.base/java.util.concurrent.ThreadPoolExecutor.runWorker(ThreadPoolExecutor.java:1136)
	at java.base/java.util.concurrent.ThreadPoolExecutor$Worker.run(ThreadPoolExecutor.java:635)
	at java.base/java.lang.Thread.run(Thread.java:833)
Caused by: java.lang.ArrayIndexOutOfBoundsException: Index 305 out of bounds for length 305
	at scala.meta.internal.parsing.FoldingRangeExtractor$Foldable$.isScala3BlockWithoutOptionalBraces(FoldingRangeExtractor.scala:248)
	at scala.meta.internal.parsing.FoldingRangeExtractor$Foldable$.unapply(FoldingRangeExtractor.scala:199)
	at scala.meta.internal.parsing.FoldingRangeExtractor.extractFrom(FoldingRangeExtractor.scala:36)
	at scala.meta.internal.parsing.FoldingRangeExtractor.$anonfun$extractFrom$2(FoldingRangeExtractor.scala:56)
	at scala.meta.internal.parsing.FoldingRangeExtractor.$anonfun$extractFrom$2$adapted(FoldingRangeExtractor.scala:51)
	at scala.collection.immutable.List.foreach(List.scala:333)
	at scala.meta.internal.parsing.FoldingRangeExtractor.extractFrom(FoldingRangeExtractor.scala:51)
	at scala.meta.internal.parsing.FoldingRangeExtractor.$anonfun$extractFrom$2(FoldingRangeExtractor.scala:56)
	at scala.meta.internal.parsing.FoldingRangeExtractor.$anonfun$extractFrom$2$adapted(FoldingRangeExtractor.scala:51)
	at scala.collection.immutable.List.foreach(List.scala:333)
	at scala.meta.internal.parsing.FoldingRangeExtractor.extractFrom(FoldingRangeExtractor.scala:51)
	at scala.meta.internal.parsing.FoldingRangeExtractor.$anonfun$extractFrom$2(FoldingRangeExtractor.scala:56)
	at scala.meta.internal.parsing.FoldingRangeExtractor.$anonfun$extractFrom$2$adapted(FoldingRangeExtractor.scala:51)
	at scala.collection.immutable.List.foreach(List.scala:333)
	at scala.meta.internal.parsing.FoldingRangeExtractor.extractFrom(FoldingRangeExtractor.scala:51)
	at scala.meta.internal.parsing.FoldingRangeExtractor.extract(FoldingRangeExtractor.scala:29)
	at scala.meta.internal.parsing.FoldingRangeProvider.$anonfun$getRangedForScala$3(FoldingRangeProvider.scala:40)
	at scala.Option.map(Option.scala:242)
	at scala.meta.internal.parsing.FoldingRangeProvider.$anonfun$getRangedForScala$2(FoldingRangeProvider.scala:33)
	at scala.Option$WithFilter.flatMap(Option.scala:283)
	at scala.meta.internal.parsing.FoldingRangeProvider.getRangedForScala(FoldingRangeProvider.scala:31)
	at scala.meta.internal.metals.MetalsLanguageServer.$anonfun$foldingRange$2(MetalsLanguageServer.scala:1705)
	at scala.concurrent.impl.Promise$Transformation.run(Promise.scala:467)
	... 3 more

2022.09.22 15:13:19 WARN  no build target for: /Users/mac/Aalto Courses/Programming I/o1assignments_Nguyen Xuan Binh/FlappyBug/o1/Bug.scala
2022.09.22 15:13:22 WARN  no build target for: /Users/mac/Aalto Courses/Programming I/o1assignments_Nguyen Xuan Binh/FlappyBug/o1/FlappyBugApp.scala
2022.09.22 15:13:27 WARN  no build target for: /Users/mac/Aalto Courses/Programming I/o1assignments_Nguyen Xuan Binh/FlappyBug/o1/Bug.scala
2022.09.22 15:13:30 WARN  no build target for: /Users/mac/Aalto Courses/Programming I/o1assignments_Nguyen Xuan Binh/FlappyBug/o1/Obstacle.scala
2022.09.22 15:14:57 WARN  no build target for: /Users/mac/Aalto Courses/Programming I/o1assignments_Nguyen Xuan Binh/FlappyBug/o1/Game.scala
2022.09.22 15:15:09 WARN  no build target for: /Users/mac/Aalto Courses/Programming I/o1assignments_Nguyen Xuan Binh/FlappyBug/o1/Obstacle.scala
2022.09.22 15:15:10 WARN  no build target for: /Users/mac/Aalto Courses/Programming I/o1assignments_Nguyen Xuan Binh/FlappyBug/o1/Game.scala
2022.09.22 15:15:11 WARN  no build target for: /Users/mac/Aalto Courses/Programming I/o1assignments_Nguyen Xuan Binh/FlappyBug/o1/FlappyBugApp.scala
2022.09.22 15:48:43 WARN  no build target for: /Users/mac/Aalto Courses/Programming I/o1assignments_Nguyen Xuan Binh/FlappyBug/o1/Bug.scala
2022.09.22 15:48:54 INFO  shutting down Metals
2022.09.22 22:18:57 INFO  tracing is disabled for protocol LSP, to enable tracing of incoming and outgoing JSON messages create an empty file at /Users/mac/Aalto Courses/Programming I/o1assignments_Nguyen Xuan Binh/FlappyBug/.metals/lsp.trace.json or /Users/mac/Library/Caches/org.scalameta.metals/lsp.trace.json
2022.09.22 22:18:57 INFO  logging to file /Users/mac/Aalto Courses/Programming I/o1assignments_Nguyen Xuan Binh/FlappyBug/.metals/metals.log
2022.09.22 22:18:57 INFO  Started: Metals version 0.11.8 in workspace '/Users/mac/Aalto Courses/Programming I/o1assignments_Nguyen Xuan Binh/FlappyBug' for client Visual Studio Code 1.71.0.
2022.09.22 22:18:59 WARN  Flyway upgrade recommended: H2 2.1.214 is newer than this version of Flyway and support has not been tested. The latest supported version of H2 is 2.1.210.
2022.09.22 22:18:59 INFO  time: initialize in 1.56s
2022.09.22 22:19:01 WARN  Build server is not auto-connectable.
2022.09.22 22:19:01 WARN  no build tool detected in workspace '/Users/mac/Aalto Courses/Programming I/o1assignments_Nguyen Xuan Binh/FlappyBug'. The most common cause for this problem is that the editor was opened in the wrong working directory, for example if you use sbt then the workspace directory should contain build.sbt. 
2022.09.22 22:19:01 WARN  no build target for: /Users/mac/Aalto Courses/Programming I/o1assignments_Nguyen Xuan Binh/FlappyBug/o1/Bug.scala
2022.09.22 22:19:04 INFO  no build target found for /Users/mac/Aalto Courses/Programming I/o1assignments_Nguyen Xuan Binh/FlappyBug/o1/Bug.scala. Using presentation compiler with project's scala-library version: 3.1.3
2022.09.22 22:19:06 INFO  time: code lens generation in 4.69s
2022.09.22 22:24:45 WARN  no build target for: /Users/mac/Aalto Courses/Programming I/o1assignments_Nguyen Xuan Binh/FlappyBug/o1/Obstacle.scala
Sep 22, 2022 10:24:45 PM org.eclipse.lsp4j.jsonrpc.RemoteEndpoint handleCancellation
WARNING: Unmatched cancel notification for request id 9
Exception in thread "pool-3-thread-1" java.lang.InterruptedException
	at scala.meta.internal.metals.FutureCancelToken.checkCanceled(FutureCancelToken.scala:29)
	at scala.meta.internal.pc.CompilerAccess.onCompilerJobQueue$$anonfun$1(CompilerAccess.scala:195)
	at scala.meta.internal.pc.CompilerJobQueue$Job.run(CompilerJobQueue.scala:152)
	at java.base/java.util.concurrent.ThreadPoolExecutor.runWorker(ThreadPoolExecutor.java:1136)
	at java.base/java.util.concurrent.ThreadPoolExecutor$Worker.run(ThreadPoolExecutor.java:635)
	at java.base/java.lang.Thread.run(Thread.java:833)
2022.09.22 23:07:28 WARN  no build target for: /Users/mac/Aalto Courses/Programming I/o1assignments_Nguyen Xuan Binh/FlappyBug/o1/FlappyBugApp.scala
2022.09.22 23:07:29 WARN  no build target for: /Users/mac/Aalto Courses/Programming I/o1assignments_Nguyen Xuan Binh/FlappyBug/o1/Game.scala
2022.09.22 23:08:22 WARN  no build target for: /Users/mac/Aalto Courses/Programming I/o1assignments_Nguyen Xuan Binh/FlappyBug/o1/constants.scala
Sep 22, 2022 11:08:22 PM org.eclipse.lsp4j.jsonrpc.RemoteEndpoint fallbackResponseError
SEVERE: Internal error: java.lang.ArrayIndexOutOfBoundsException: Index 305 out of bounds for length 305
java.util.concurrent.CompletionException: java.lang.ArrayIndexOutOfBoundsException: Index 305 out of bounds for length 305
	at java.base/java.util.concurrent.CompletableFuture.encodeThrowable(CompletableFuture.java:332)
	at java.base/java.util.concurrent.CompletableFuture.completeThrowable(CompletableFuture.java:347)
	at java.base/java.util.concurrent.CompletableFuture$UniAccept.tryFire(CompletableFuture.java:708)
	at java.base/java.util.concurrent.CompletableFuture.postComplete(CompletableFuture.java:510)
	at java.base/java.util.concurrent.CompletableFuture.completeExceptionally(CompletableFuture.java:2162)
	at scala.meta.internal.metals.CancelTokens$.$anonfun$future$1(CancelTokens.scala:40)
	at scala.meta.internal.metals.CancelTokens$.$anonfun$future$1$adapted(CancelTokens.scala:38)
	at scala.concurrent.impl.Promise$Transformation.run(Promise.scala:484)
	at java.base/java.util.concurrent.ThreadPoolExecutor.runWorker(ThreadPoolExecutor.java:1136)
	at java.base/java.util.concurrent.ThreadPoolExecutor$Worker.run(ThreadPoolExecutor.java:635)
	at java.base/java.lang.Thread.run(Thread.java:833)
Caused by: java.lang.ArrayIndexOutOfBoundsException: Index 305 out of bounds for length 305
	at scala.meta.internal.parsing.FoldingRangeExtractor$Foldable$.isScala3BlockWithoutOptionalBraces(FoldingRangeExtractor.scala:248)
	at scala.meta.internal.parsing.FoldingRangeExtractor$Foldable$.unapply(FoldingRangeExtractor.scala:199)
	at scala.meta.internal.parsing.FoldingRangeExtractor.extractFrom(FoldingRangeExtractor.scala:36)
	at scala.meta.internal.parsing.FoldingRangeExtractor.$anonfun$extractFrom$2(FoldingRangeExtractor.scala:56)
	at scala.meta.internal.parsing.FoldingRangeExtractor.$anonfun$extractFrom$2$adapted(FoldingRangeExtractor.scala:51)
	at scala.collection.immutable.List.foreach(List.scala:333)
	at scala.meta.internal.parsing.FoldingRangeExtractor.extractFrom(FoldingRangeExtractor.scala:51)
	at scala.meta.internal.parsing.FoldingRangeExtractor.$anonfun$extractFrom$2(FoldingRangeExtractor.scala:56)
	at scala.meta.internal.parsing.FoldingRangeExtractor.$anonfun$extractFrom$2$adapted(FoldingRangeExtractor.scala:51)
	at scala.collection.immutable.List.foreach(List.scala:333)
	at scala.meta.internal.parsing.FoldingRangeExtractor.extractFrom(FoldingRangeExtractor.scala:51)
	at scala.meta.internal.parsing.FoldingRangeExtractor.$anonfun$extractFrom$2(FoldingRangeExtractor.scala:56)
	at scala.meta.internal.parsing.FoldingRangeExtractor.$anonfun$extractFrom$2$adapted(FoldingRangeExtractor.scala:51)
	at scala.collection.immutable.List.foreach(List.scala:333)
	at scala.meta.internal.parsing.FoldingRangeExtractor.extractFrom(FoldingRangeExtractor.scala:51)
	at scala.meta.internal.parsing.FoldingRangeExtractor.extract(FoldingRangeExtractor.scala:29)
	at scala.meta.internal.parsing.FoldingRangeProvider.$anonfun$getRangedForScala$3(FoldingRangeProvider.scala:40)
	at scala.Option.map(Option.scala:242)
	at scala.meta.internal.parsing.FoldingRangeProvider.$anonfun$getRangedForScala$2(FoldingRangeProvider.scala:33)
	at scala.Option$WithFilter.flatMap(Option.scala:283)
	at scala.meta.internal.parsing.FoldingRangeProvider.getRangedForScala(FoldingRangeProvider.scala:31)
	at scala.meta.internal.metals.MetalsLanguageServer.$anonfun$foldingRange$2(MetalsLanguageServer.scala:1705)
	at scala.concurrent.impl.Promise$Transformation.run(Promise.scala:467)
	... 3 more

2022.09.22 23:08:24 WARN  no build target for: /Users/mac/Aalto Courses/Programming I/o1assignments_Nguyen Xuan Binh/FlappyBug/o1/Obstacle.scala
2022.09.22 23:26:27 INFO  shutting down Metals
2022.09.30 12:03:54 INFO  tracing is disabled for protocol LSP, to enable tracing of incoming and outgoing JSON messages create an empty file at /Users/mac/Aalto Courses/Programming I/o1assignments_Nguyen Xuan Binh/FlappyBug/.metals/lsp.trace.json or /Users/mac/Library/Caches/org.scalameta.metals/lsp.trace.json
2022.09.30 12:03:54 INFO  logging to file /Users/mac/Aalto Courses/Programming I/o1assignments_Nguyen Xuan Binh/FlappyBug/.metals/metals.log
2022.09.30 12:03:54 INFO  Started: Metals version 0.11.8 in workspace '/Users/mac/Aalto Courses/Programming I/o1assignments_Nguyen Xuan Binh/FlappyBug' for client Visual Studio Code 1.71.0.
2022.09.30 12:03:56 WARN  Flyway upgrade recommended: H2 2.1.214 is newer than this version of Flyway and support has not been tested. The latest supported version of H2 is 2.1.210.
2022.09.30 12:03:56 INFO  time: initialize in 1.56s
2022.09.30 12:03:58 WARN  Build server is not auto-connectable.
2022.09.30 12:03:58 WARN  no build tool detected in workspace '/Users/mac/Aalto Courses/Programming I/o1assignments_Nguyen Xuan Binh/FlappyBug'. The most common cause for this problem is that the editor was opened in the wrong working directory, for example if you use sbt then the workspace directory should contain build.sbt. 
2022.09.30 12:03:58 WARN  no build target for: /Users/mac/Aalto Courses/Programming I/o1assignments_Nguyen Xuan Binh/FlappyBug/o1/Obstacle.scala
2022.09.30 12:04:02 INFO  no build target found for /Users/mac/Aalto Courses/Programming I/o1assignments_Nguyen Xuan Binh/FlappyBug/o1/Obstacle.scala. Using presentation compiler with project's scala-library version: 3.1.3
2022.09.30 12:04:04 INFO  time: code lens generation in 5.4s
2022.09.30 12:24:17 WARN  no build target for: /Users/mac/Aalto Courses/Programming I/o1assignments_Nguyen Xuan Binh/FlappyBug/o1/Bug.scala
2022.09.30 12:24:21 WARN  no build target for: /Users/mac/Aalto Courses/Programming I/o1assignments_Nguyen Xuan Binh/FlappyBug/o1/Game.scala
Sep 30, 2022 12:24:21 PM org.eclipse.lsp4j.jsonrpc.RemoteEndpoint handleCancellation
WARNING: Unmatched cancel notification for request id 13
2022.09.30 12:49:44 INFO  shutting down Metals
2022.10.02 19:15:56 INFO  tracing is disabled for protocol LSP, to enable tracing of incoming and outgoing JSON messages create an empty file at /Users/mac/Aalto Courses/Programming I/o1assignments_Nguyen Xuan Binh/FlappyBug/.metals/lsp.trace.json or /Users/mac/Library/Caches/org.scalameta.metals/lsp.trace.json
2022.10.02 19:15:57 INFO  logging to file /Users/mac/Aalto Courses/Programming I/o1assignments_Nguyen Xuan Binh/FlappyBug/.metals/metals.log
2022.10.02 19:15:57 INFO  Started: Metals version 0.11.8 in workspace '/Users/mac/Aalto Courses/Programming I/o1assignments_Nguyen Xuan Binh/FlappyBug' for client Visual Studio Code 1.71.0.
2022.10.02 19:15:58 WARN  Flyway upgrade recommended: H2 2.1.214 is newer than this version of Flyway and support has not been tested. The latest supported version of H2 is 2.1.210.
2022.10.02 19:15:59 INFO  time: initialize in 1.71s
2022.10.02 19:16:01 WARN  Build server is not auto-connectable.
2022.10.02 19:16:01 WARN  no build tool detected in workspace '/Users/mac/Aalto Courses/Programming I/o1assignments_Nguyen Xuan Binh/FlappyBug'. The most common cause for this problem is that the editor was opened in the wrong working directory, for example if you use sbt then the workspace directory should contain build.sbt. 
2022.10.02 19:16:01 WARN  no build target for: /Users/mac/Aalto Courses/Programming I/o1assignments_Nguyen Xuan Binh/FlappyBug/o1/Bug.scala
2022.10.02 19:16:01 WARN  no build target for: /Users/mac/Aalto Courses/Programming I/o1assignments_Nguyen Xuan Binh/FlappyBug/o1/Game.scala
2022.10.02 19:16:05 INFO  no build target found for /Users/mac/Aalto Courses/Programming I/o1assignments_Nguyen Xuan Binh/FlappyBug/o1/Game.scala. Using presentation compiler with project's scala-library version: 3.1.3
2022.10.02 19:16:07 INFO  time: code lens generation in 5.61s
2022.10.02 19:16:11 WARN  no build target for: /Users/mac/Aalto Courses/Programming I/o1assignments_Nguyen Xuan Binh/FlappyBug/o1/FlappyBugApp.scala
2022.10.02 19:18:54 WARN  no build target for: /Users/mac/Aalto Courses/Programming I/o1assignments_Nguyen Xuan Binh/FlappyBug/o1/Bug.scala
2022.10.02 20:03:29 INFO  shutting down Metals
