2022.11.23 19:48:42 INFO  tracing is disabled for protocol LSP, to enable tracing of incoming and outgoing JSON messages create an empty file at /Users/mac/Aalto Courses/Programming I/Adventure/.metals/lsp.trace.json or /Users/mac/Library/Caches/org.scalameta.metals/lsp.trace.json
2022.11.23 19:48:43 INFO  logging to file /Users/mac/Aalto Courses/Programming I/Adventure/.metals/metals.log
2022.11.23 19:48:43 INFO  Started: Metals version 0.11.9 in workspace '/Users/mac/Aalto Courses/Programming I/Adventure' for client Visual Studio Code 1.71.0.
2022.11.23 19:48:46 INFO  time: initialize in 3.03s
2022.11.23 19:48:50 WARN  Build server is not auto-connectable.
2022.11.23 19:48:50 WARN  no build tool detected in workspace '/Users/mac/Aalto Courses/Programming I/Adventure'. The most common cause for this problem is that the editor was opened in the wrong working directory, for example if you use sbt then the workspace directory should contain build.sbt. 
2022.11.23 19:48:50 WARN  no build target for: /Users/mac/Aalto Courses/Programming I/Adventure/o1/adventure/Adventure.scala
2022.11.23 19:48:58 INFO  no build target found for /Users/mac/Aalto Courses/Programming I/Adventure/o1/adventure/Adventure.scala. Using presentation compiler with project's scala-library version: 3.2.0
2022.11.23 19:49:03 INFO  time: code lens generation in 11s
2022.11.23 19:51:24 WARN  no build target for: /Users/mac/Aalto Courses/Programming I/Adventure/o1/adventure/ui/AdventureGUI.scala
2022.11.23 20:33:51 WARN  no build target for: /Users/mac/Aalto Courses/Programming I/Adventure/o1/adventure/Room.scala
2022.11.23 21:01:39 WARN  no build target for: /Users/mac/Aalto Courses/Programming I/Adventure/o1/adventure/Potion.scala
2022.11.23 21:02:11 WARN  no build target for: /Users/mac/Aalto Courses/Programming I/Adventure/o1/adventure/Alien.scala
2022.11.23 21:03:08 WARN  no build target for: /Users/mac/Aalto Courses/Programming I/Adventure/o1/adventure/Bullets.scala
2022.11.23 21:14:46 WARN  no build target for: /Users/mac/Aalto Courses/Programming I/Adventure/o1/adventure/Adventure.scala
2022.11.23 21:14:48 WARN  no build target for: /Users/mac/Aalto Courses/Programming I/Adventure/o1/adventure/Alien.scala
2022.11.23 21:14:49 WARN  no build target for: /Users/mac/Aalto Courses/Programming I/Adventure/o1/adventure/Potion.scala
2022.11.23 21:14:56 WARN  no build target for: /Users/mac/Aalto Courses/Programming I/Adventure/o1/adventure/Player.scala
2022.11.23 21:14:59 WARN  no build target for: /Users/mac/Aalto Courses/Programming I/Adventure/o1/adventure/Bullets.scala
2022.11.23 21:16:01 WARN  no build target for: /Users/mac/Aalto Courses/Programming I/Adventure/o1/adventure/Room.scala
2022.11.23 21:16:11 INFO  shutting down Metals
2022.11.27 17:37:48 INFO  tracing is disabled for protocol LSP, to enable tracing of incoming and outgoing JSON messages create an empty file at /Users/mac/Aalto Courses/Programming I/Adventure/.metals/lsp.trace.json or /Users/mac/Library/Caches/org.scalameta.metals/lsp.trace.json
2022.11.27 17:37:49 INFO  logging to file /Users/mac/Aalto Courses/Programming I/Adventure/.metals/metals.log
2022.11.27 17:37:49 INFO  Started: Metals version 0.11.9 in workspace '/Users/mac/Aalto Courses/Programming I/Adventure' for client Visual Studio Code 1.71.0.
2022.11.27 17:37:50 INFO  time: initialize in 1.88s
2022.11.27 17:37:53 WARN  Build server is not auto-connectable.
2022.11.27 17:37:53 WARN  no build tool detected in workspace '/Users/mac/Aalto Courses/Programming I/Adventure'. The most common cause for this problem is that the editor was opened in the wrong working directory, for example if you use sbt then the workspace directory should contain build.sbt. 
2022.11.27 17:37:53 WARN  no build target for: /Users/mac/Aalto Courses/Programming I/Adventure/o1/adventure/Room.scala
2022.11.27 17:37:58 INFO  no build target found for /Users/mac/Aalto Courses/Programming I/Adventure/o1/adventure/Room.scala. Using presentation compiler with project's scala-library version: 3.2.0
2022.11.27 17:38:04 INFO  time: code lens generation in 9.97s
2022.11.27 17:38:04 INFO  time: code lens generation in 3.1s
2022.11.27 17:38:18 WARN  no build target for: /Users/mac/Aalto Courses/Programming I/Adventure/o1/adventure/Bullets.scala
2022.11.27 17:39:30 WARN  no build target for: /Users/mac/Aalto Courses/Programming I/Adventure/o1/adventure/Adventure.scala
2022.11.27 17:41:28 WARN  no build target for: /Users/mac/Aalto Courses/Programming I/Adventure/o1/adventure/Player.scala
2022.11.27 17:47:08 WARN  no build target for: /Users/mac/Aalto Courses/Programming I/Adventure/o1/adventure/Bullets.scala
2022.11.27 17:47:44 WARN  no build target for: /Users/mac/Aalto Courses/Programming I/Adventure/o1/adventure/Player.scala
2022.11.27 17:48:49 WARN  no build target for: /Users/mac/Aalto Courses/Programming I/Adventure/o1/adventure/ui/AdventureGUI.scala
2022.11.27 17:48:50 WARN  no build target for: /Users/mac/Aalto Courses/Programming I/Adventure/o1/adventure/Adventure.scala
2022.11.27 17:50:19 WARN  no build target for: /Users/mac/Aalto Courses/Programming I/Adventure/o1/adventure/Potion.scala
2022.11.27 17:50:19 WARN  no build target for: /Users/mac/Aalto Courses/Programming I/Adventure/o1/adventure/Player.scala
2022.11.27 18:43:37 WARN  no build target for: /Users/mac/Aalto Courses/Programming I/Adventure/o1/adventure/Action.scala
2022.11.27 19:20:16 INFO  shutting down Metals
2022.11.29 14:08:08 INFO  tracing is disabled for protocol LSP, to enable tracing of incoming and outgoing JSON messages create an empty file at /Users/mac/Aalto Courses/Programming I/Adventure/.metals/lsp.trace.json or /Users/mac/Library/Caches/org.scalameta.metals/lsp.trace.json
2022.11.29 14:08:09 INFO  logging to file /Users/mac/Aalto Courses/Programming I/Adventure/.metals/metals.log
2022.11.29 14:08:09 INFO  Started: Metals version 0.11.9 in workspace '/Users/mac/Aalto Courses/Programming I/Adventure' for client Visual Studio Code 1.71.0.
2022.11.29 14:08:11 INFO  time: initialize in 1.78s
2022.11.29 14:08:14 WARN  Build server is not auto-connectable.
2022.11.29 14:08:14 WARN  no build tool detected in workspace '/Users/mac/Aalto Courses/Programming I/Adventure'. The most common cause for this problem is that the editor was opened in the wrong working directory, for example if you use sbt then the workspace directory should contain build.sbt. 
2022.11.29 14:08:14 WARN  no build target for: /Users/mac/Aalto Courses/Programming I/Adventure/o1/adventure/Action.scala
2022.11.29 14:08:22 INFO  no build target found for /Users/mac/Aalto Courses/Programming I/Adventure/o1/adventure/Action.scala. Using presentation compiler with project's scala-library version: 3.2.0
2022.11.29 14:08:25 INFO  time: code lens generation in 9.89s
2022.11.29 14:31:10 WARN  no build target for: /Users/mac/Aalto Courses/Programming I/Adventure/o1/adventure/ui/AdventureGUI.scala
2022.11.29 14:35:04 WARN  no build target for: /Users/mac/Aalto Courses/Programming I/Adventure/o1/adventure/Room.scala
2022.11.29 14:37:46 INFO  shutting down Metals
2022.11.29 23:32:06 INFO  tracing is disabled for protocol LSP, to enable tracing of incoming and outgoing JSON messages create an empty file at /Users/mac/Aalto Courses/Programming I/Adventure/.metals/lsp.trace.json or /Users/mac/Library/Caches/org.scalameta.metals/lsp.trace.json
2022.11.29 23:32:07 INFO  logging to file /Users/mac/Aalto Courses/Programming I/Adventure/.metals/metals.log
2022.11.29 23:32:07 INFO  Started: Metals version 0.11.9 in workspace '/Users/mac/Aalto Courses/Programming I/Adventure' for client Visual Studio Code 1.71.0.
2022.11.29 23:32:09 INFO  time: initialize in 1.62s
2022.11.29 23:32:11 WARN  Build server is not auto-connectable.
2022.11.29 23:32:11 WARN  no build tool detected in workspace '/Users/mac/Aalto Courses/Programming I/Adventure'. The most common cause for this problem is that the editor was opened in the wrong working directory, for example if you use sbt then the workspace directory should contain build.sbt. 
2022.11.29 23:32:11 WARN  no build target for: /Users/mac/Aalto Courses/Programming I/Adventure/o1/adventure/Adventure.scala
2022.11.29 23:32:14 INFO  no build target found for /Users/mac/Aalto Courses/Programming I/Adventure/o1/adventure/Adventure.scala. Using presentation compiler with project's scala-library version: 3.2.0
2022.11.29 23:32:17 INFO  time: code lens generation in 5.32s
2022.11.30 00:09:31 INFO  shutting down Metals
